<?xml version="1.0" encoding="UTF-8"?>
<testng-results skipped="0" failed="3" ignored="0" retried="3" total="6" passed="0">
  <reporter-output>
  </reporter-output>
<<<<<<< HEAD
  <suite name="API Testing Suite" duration-ms="3829" started-at="2020-02-10T19:20:03 PKT" finished-at="2020-02-10T19:20:07 PKT">
    <groups>
      <group name="PM">
        <method signature="PostMigrationTests.postMigrationCodeComparison(java.lang.String, java.lang.String)[pri:1, instance:com.cdk.qa.framework.validators.PostMigrationTests@1a1d6a08]" name="postMigrationCodeComparison" class="com.cdk.qa.framework.validators.PostMigrationTests"/>
      </group> <!-- PM -->
    </groups>
    <test name="API Tests" duration-ms="3829" started-at="2020-02-10T19:20:03 PKT" finished-at="2020-02-10T19:20:07 PKT">
      <class name="com.cdk.qa.framework.validators.PostMigrationTests">
        <test-method status="PASS" signature="setup()[pri:0, instance:com.cdk.qa.framework.validators.PostMigrationTests@1a1d6a08]" name="setup" is-config="true" duration-ms="7" started-at="2020-02-10T19:20:04 PKT" finished-at="2020-02-10T19:20:04 PKT">
          <reporter-output>
          </reporter-output>
        </test-method> <!-- setup -->
        <test-method status="PASS" signature="postMigrationCodeComparison(java.lang.String, java.lang.String)[pri:1, instance:com.cdk.qa.framework.validators.PostMigrationTests@1a1d6a08]" name="postMigrationCodeComparison" duration-ms="3093" started-at="2020-02-10T19:20:04 PKT" data-provider="data-provider" finished-at="2020-02-10T19:20:07 PKT">
=======
  <suite name="API Testing Suite" duration-ms="51371" started-at="2020-02-18T12:59:03 PKT" finished-at="2020-02-18T12:59:54 PKT">
    <groups>
      <group name="all">
        <method signature="ApiValidationTests.attributesCountComparison(java.lang.String, java.lang.String, java.lang.String)[pri:2, instance:com.cdk.qa.framework.validators.ApiValidationTests@5bfbf16f]" name="attributesCountComparison" class="com.cdk.qa.framework.validators.ApiValidationTests"/>
        <method signature="ApiValidationTests.responseBodyComparison(java.lang.String, java.lang.String, java.lang.String)[pri:3, instance:com.cdk.qa.framework.validators.ApiValidationTests@5bfbf16f]" name="responseBodyComparison" class="com.cdk.qa.framework.validators.ApiValidationTests"/>
        <method signature="ApiValidationTests.statusCodeComparison(java.lang.String, java.lang.String, java.lang.String)[pri:1, instance:com.cdk.qa.framework.validators.ApiValidationTests@5bfbf16f]" name="statusCodeComparison" class="com.cdk.qa.framework.validators.ApiValidationTests"/>
      </group> <!-- all -->
      <group name="smoke">
        <method signature="ApiValidationTests.attributesCountComparison(java.lang.String, java.lang.String, java.lang.String)[pri:2, instance:com.cdk.qa.framework.validators.ApiValidationTests@5bfbf16f]" name="attributesCountComparison" class="com.cdk.qa.framework.validators.ApiValidationTests"/>
        <method signature="ApiValidationTests.statusCodeComparison(java.lang.String, java.lang.String, java.lang.String)[pri:1, instance:com.cdk.qa.framework.validators.ApiValidationTests@5bfbf16f]" name="statusCodeComparison" class="com.cdk.qa.framework.validators.ApiValidationTests"/>
      </group> <!-- smoke -->
    </groups>
    <test name="API Tests" duration-ms="51371" started-at="2020-02-18T12:59:03 PKT" finished-at="2020-02-18T12:59:54 PKT">
      <class name="com.cdk.qa.framework.validators.ApiValidationTests">
        <test-method status="PASS" signature="setup()[pri:0, instance:com.cdk.qa.framework.validators.ApiValidationTests@5bfbf16f]" name="setup" is-config="true" duration-ms="975" started-at="2020-02-18T12:59:09 PKT" finished-at="2020-02-18T12:59:10 PKT">
          <reporter-output>
          </reporter-output>
        </test-method> <!-- setup -->
        <test-method status="SKIP" signature="statusCodeComparison(java.lang.String, java.lang.String, java.lang.String)[pri:1, instance:com.cdk.qa.framework.validators.ApiValidationTests@5bfbf16f]" name="statusCodeComparison" duration-ms="1160" retried="true" started-at="2020-02-18T12:59:10 PKT" data-provider="data-provider" finished-at="2020-02-18T12:59:11 PKT">
>>>>>>> dev
          <params>
            <param index="0">
              <value>
                <![CDATA[customer-api]]>
              </value>
            </param>
            <param index="1">
              <value>
                <![CDATA[http://api-int.dit.connectcdk.com/api/ds-flex-customer/v1/customers/5155]]>
              </value>
            </param>
            <param index="2">
              <value>
                <![CDATA[http://api-int.dit.connectcdk.com/api/ds-flex-customer-cloud-qa/v1/customers/5155]]>
              </value>
            </param>
          </params>
          <exception class="java.lang.AssertionError">
            <message>
              <![CDATA[null]]>
            </message>
            <full-stacktrace>
              <![CDATA[java.lang.AssertionError: null
at org.testng.Assert.fail(Assert.java:97)
at org.testng.Assert.fail(Assert.java:102)
at com.cdk.qa.framework.validators.ApiValidationBaseClass.getSourceResponse(ApiValidationBaseClass.java:143)
at com.cdk.qa.framework.validators.ApiValidationTests.statusCodeComparison(ApiValidationTests.java:58)
at sun.reflect.NativeMethodAccessorImpl.invoke0(Native Method)
at sun.reflect.NativeMethodAccessorImpl.invoke(NativeMethodAccessorImpl.java:62)
at sun.reflect.DelegatingMethodAccessorImpl.invoke(DelegatingMethodAccessorImpl.java:43)
at java.lang.reflect.Method.invoke(Method.java:498)
at org.testng.internal.MethodInvocationHelper.invokeMethod(MethodInvocationHelper.java:133)
at org.testng.internal.TestInvoker.invokeMethod(TestInvoker.java:584)
at org.testng.internal.TestInvoker.invokeTestMethod(TestInvoker.java:172)
at org.testng.internal.MethodRunner.runInSequence(MethodRunner.java:46)
at org.testng.internal.TestInvoker$MethodInvocationAgent.invoke(TestInvoker.java:804)
at org.testng.internal.TestInvoker.invokeTestMethods(TestInvoker.java:145)
at org.testng.internal.TestMethodWorker.invokeTestMethods(TestMethodWorker.java:146)
at org.testng.internal.TestMethodWorker.run(TestMethodWorker.java:128)
at java.util.ArrayList.forEach(ArrayList.java:1249)
at org.testng.TestRunner.privateRun(TestRunner.java:770)
at org.testng.TestRunner.run(TestRunner.java:591)
at org.testng.SuiteRunner.runTest(SuiteRunner.java:402)
at org.testng.SuiteRunner.runSequentially(SuiteRunner.java:396)
at org.testng.SuiteRunner.privateRun(SuiteRunner.java:355)
at org.testng.SuiteRunner.run(SuiteRunner.java:304)
at org.testng.SuiteRunnerWorker.runSuite(SuiteRunnerWorker.java:53)
at org.testng.SuiteRunnerWorker.run(SuiteRunnerWorker.java:96)
at org.testng.TestNG.runSuitesSequentially(TestNG.java:1180)
at org.testng.TestNG.runSuitesLocally(TestNG.java:1102)
at org.testng.TestNG.runSuites(TestNG.java:1032)
at org.testng.TestNG.run(TestNG.java:1000)
at org.apache.maven.surefire.testng.TestNGExecutor.run(TestNGExecutor.java:283)
at org.apache.maven.surefire.testng.TestNGXmlTestSuite.execute(TestNGXmlTestSuite.java:75)
at org.apache.maven.surefire.testng.TestNGProvider.invoke(TestNGProvider.java:120)
at org.apache.maven.surefire.booter.ForkedBooter.runSuitesInProcess(ForkedBooter.java:377)
at org.apache.maven.surefire.booter.ForkedBooter.execute(ForkedBooter.java:138)
at org.apache.maven.surefire.booter.ForkedBooter.run(ForkedBooter.java:465)
at org.apache.maven.surefire.booter.ForkedBooter.main(ForkedBooter.java:451)
]]>
            </full-stacktrace>
          </exception> <!-- java.lang.AssertionError -->
          <reporter-output>
          </reporter-output>
        </test-method> <!-- statusCodeComparison -->
        <test-method status="PASS" signature="setup()[pri:0, instance:com.cdk.qa.framework.validators.ApiValidationTests@5bfbf16f]" name="setup" is-config="true" duration-ms="962" started-at="2020-02-18T12:59:15 PKT" finished-at="2020-02-18T12:59:16 PKT">
          <reporter-output>
          </reporter-output>
        </test-method> <!-- setup -->
        <test-method status="FAIL" signature="statusCodeComparison(java.lang.String, java.lang.String, java.lang.String)[pri:1, instance:com.cdk.qa.framework.validators.ApiValidationTests@5bfbf16f]" name="statusCodeComparison" duration-ms="20" started-at="2020-02-18T12:59:16 PKT" data-provider="data-provider" finished-at="2020-02-18T12:59:16 PKT">
          <params>
            <param index="0">
              <value>
                <![CDATA[customer-api]]>
              </value>
            </param>
            <param index="1">
              <value>
                <![CDATA[http://api-int.dit.connectcdk.com/api/ds-flex-customer/v1/customers/5155]]>
              </value>
            </param>
            <param index="2">
              <value>
                <![CDATA[http://api-int.dit.connectcdk.com/api/ds-flex-customer-cloud-qa/v1/customers/5155]]>
              </value>
            </param>
          </params>
          <exception class="java.lang.AssertionError">
            <message>
              <![CDATA[null]]>
            </message>
            <full-stacktrace>
              <![CDATA[java.lang.AssertionError: null
at org.testng.Assert.fail(Assert.java:97)
at org.testng.Assert.fail(Assert.java:102)
at com.cdk.qa.framework.validators.ApiValidationBaseClass.getSourceResponse(ApiValidationBaseClass.java:143)
at com.cdk.qa.framework.validators.ApiValidationTests.statusCodeComparison(ApiValidationTests.java:58)
at sun.reflect.NativeMethodAccessorImpl.invoke0(Native Method)
at sun.reflect.NativeMethodAccessorImpl.invoke(NativeMethodAccessorImpl.java:62)
at sun.reflect.DelegatingMethodAccessorImpl.invoke(DelegatingMethodAccessorImpl.java:43)
at java.lang.reflect.Method.invoke(Method.java:498)
at org.testng.internal.MethodInvocationHelper.invokeMethod(MethodInvocationHelper.java:133)
at org.testng.internal.TestInvoker.invokeMethod(TestInvoker.java:584)
at org.testng.internal.TestInvoker.retryFailed(TestInvoker.java:204)
at org.testng.internal.MethodRunner.runInSequence(MethodRunner.java:58)
at org.testng.internal.TestInvoker$MethodInvocationAgent.invoke(TestInvoker.java:804)
at org.testng.internal.TestInvoker.invokeTestMethods(TestInvoker.java:145)
at org.testng.internal.TestMethodWorker.invokeTestMethods(TestMethodWorker.java:146)
at org.testng.internal.TestMethodWorker.run(TestMethodWorker.java:128)
at java.util.ArrayList.forEach(ArrayList.java:1249)
at org.testng.TestRunner.privateRun(TestRunner.java:770)
at org.testng.TestRunner.run(TestRunner.java:591)
at org.testng.SuiteRunner.runTest(SuiteRunner.java:402)
at org.testng.SuiteRunner.runSequentially(SuiteRunner.java:396)
at org.testng.SuiteRunner.privateRun(SuiteRunner.java:355)
at org.testng.SuiteRunner.run(SuiteRunner.java:304)
at org.testng.SuiteRunnerWorker.runSuite(SuiteRunnerWorker.java:53)
at org.testng.SuiteRunnerWorker.run(SuiteRunnerWorker.java:96)
at org.testng.TestNG.runSuitesSequentially(TestNG.java:1180)
at org.testng.TestNG.runSuitesLocally(TestNG.java:1102)
at org.testng.TestNG.runSuites(TestNG.java:1032)
at org.testng.TestNG.run(TestNG.java:1000)
at org.apache.maven.surefire.testng.TestNGExecutor.run(TestNGExecutor.java:283)
at org.apache.maven.surefire.testng.TestNGXmlTestSuite.execute(TestNGXmlTestSuite.java:75)
at org.apache.maven.surefire.testng.TestNGProvider.invoke(TestNGProvider.java:120)
at org.apache.maven.surefire.booter.ForkedBooter.runSuitesInProcess(ForkedBooter.java:377)
at org.apache.maven.surefire.booter.ForkedBooter.execute(ForkedBooter.java:138)
at org.apache.maven.surefire.booter.ForkedBooter.run(ForkedBooter.java:465)
at org.apache.maven.surefire.booter.ForkedBooter.main(ForkedBooter.java:451)
]]>
            </full-stacktrace>
          </exception> <!-- java.lang.AssertionError -->
          <reporter-output>
          </reporter-output>
        </test-method> <!-- statusCodeComparison -->
        <test-method status="PASS" signature="setup()[pri:0, instance:com.cdk.qa.framework.validators.ApiValidationTests@5bfbf16f]" name="setup" is-config="true" duration-ms="24504" started-at="2020-02-18T12:59:18 PKT" finished-at="2020-02-18T12:59:43 PKT">
          <reporter-output>
          </reporter-output>
        </test-method> <!-- setup -->
        <test-method status="SKIP" signature="attributesCountComparison(java.lang.String, java.lang.String, java.lang.String)[pri:2, instance:com.cdk.qa.framework.validators.ApiValidationTests@5bfbf16f]" name="attributesCountComparison" duration-ms="21" retried="true" started-at="2020-02-18T12:59:43 PKT" data-provider="data-provider" finished-at="2020-02-18T12:59:43 PKT">
          <params>
            <param index="0">
              <value>
                <![CDATA[customer-api]]>
              </value>
            </param>
            <param index="1">
              <value>
                <![CDATA[http://api-int.dit.connectcdk.com/api/ds-flex-customer/v1/customers/5155]]>
              </value>
            </param>
            <param index="2">
              <value>
                <![CDATA[http://api-int.dit.connectcdk.com/api/ds-flex-customer-cloud-qa/v1/customers/5155]]>
              </value>
            </param>
          </params>
          <exception class="java.lang.AssertionError">
            <message>
              <![CDATA[null]]>
            </message>
            <full-stacktrace>
              <![CDATA[java.lang.AssertionError: null
at org.testng.Assert.fail(Assert.java:97)
at org.testng.Assert.fail(Assert.java:102)
at com.cdk.qa.framework.validators.ApiValidationBaseClass.getSourceResponse(ApiValidationBaseClass.java:143)
at com.cdk.qa.framework.validators.ApiValidationTests.attributesCountComparison(ApiValidationTests.java:85)
at sun.reflect.NativeMethodAccessorImpl.invoke0(Native Method)
at sun.reflect.NativeMethodAccessorImpl.invoke(NativeMethodAccessorImpl.java:62)
at sun.reflect.DelegatingMethodAccessorImpl.invoke(DelegatingMethodAccessorImpl.java:43)
at java.lang.reflect.Method.invoke(Method.java:498)
at org.testng.internal.MethodInvocationHelper.invokeMethod(MethodInvocationHelper.java:133)
at org.testng.internal.TestInvoker.invokeMethod(TestInvoker.java:584)
at org.testng.internal.TestInvoker.invokeTestMethod(TestInvoker.java:172)
at org.testng.internal.MethodRunner.runInSequence(MethodRunner.java:46)
at org.testng.internal.TestInvoker$MethodInvocationAgent.invoke(TestInvoker.java:804)
at org.testng.internal.TestInvoker.invokeTestMethods(TestInvoker.java:145)
at org.testng.internal.TestMethodWorker.invokeTestMethods(TestMethodWorker.java:146)
at org.testng.internal.TestMethodWorker.run(TestMethodWorker.java:128)
at java.util.ArrayList.forEach(ArrayList.java:1249)
at org.testng.TestRunner.privateRun(TestRunner.java:770)
at org.testng.TestRunner.run(TestRunner.java:591)
at org.testng.SuiteRunner.runTest(SuiteRunner.java:402)
at org.testng.SuiteRunner.runSequentially(SuiteRunner.java:396)
at org.testng.SuiteRunner.privateRun(SuiteRunner.java:355)
at org.testng.SuiteRunner.run(SuiteRunner.java:304)
at org.testng.SuiteRunnerWorker.runSuite(SuiteRunnerWorker.java:53)
at org.testng.SuiteRunnerWorker.run(SuiteRunnerWorker.java:96)
at org.testng.TestNG.runSuitesSequentially(TestNG.java:1180)
at org.testng.TestNG.runSuitesLocally(TestNG.java:1102)
at org.testng.TestNG.runSuites(TestNG.java:1032)
at org.testng.TestNG.run(TestNG.java:1000)
at org.apache.maven.surefire.testng.TestNGExecutor.run(TestNGExecutor.java:283)
at org.apache.maven.surefire.testng.TestNGXmlTestSuite.execute(TestNGXmlTestSuite.java:75)
at org.apache.maven.surefire.testng.TestNGProvider.invoke(TestNGProvider.java:120)
at org.apache.maven.surefire.booter.ForkedBooter.runSuitesInProcess(ForkedBooter.java:377)
at org.apache.maven.surefire.booter.ForkedBooter.execute(ForkedBooter.java:138)
at org.apache.maven.surefire.booter.ForkedBooter.run(ForkedBooter.java:465)
at org.apache.maven.surefire.booter.ForkedBooter.main(ForkedBooter.java:451)
]]>
            </full-stacktrace>
          </exception> <!-- java.lang.AssertionError -->
          <reporter-output>
          </reporter-output>
        </test-method> <!-- attributesCountComparison -->
        <test-method status="PASS" signature="setup()[pri:0, instance:com.cdk.qa.framework.validators.ApiValidationTests@5bfbf16f]" name="setup" is-config="true" duration-ms="972" started-at="2020-02-18T12:59:46 PKT" finished-at="2020-02-18T12:59:47 PKT">
          <reporter-output>
          </reporter-output>
        </test-method> <!-- setup -->
        <test-method status="FAIL" signature="attributesCountComparison(java.lang.String, java.lang.String, java.lang.String)[pri:2, instance:com.cdk.qa.framework.validators.ApiValidationTests@5bfbf16f]" name="attributesCountComparison" duration-ms="19" started-at="2020-02-18T12:59:47 PKT" data-provider="data-provider" finished-at="2020-02-18T12:59:47 PKT">
          <params>
            <param index="0">
              <value>
                <![CDATA[customer-api]]>
              </value>
            </param>
            <param index="1">
              <value>
                <![CDATA[http://api-int.dit.connectcdk.com/api/ds-flex-customer/v1/customers/5155]]>
              </value>
            </param>
            <param index="2">
              <value>
                <![CDATA[http://api-int.dit.connectcdk.com/api/ds-flex-customer-cloud-qa/v1/customers/5155]]>
              </value>
            </param>
          </params>
          <exception class="java.lang.AssertionError">
            <message>
              <![CDATA[null]]>
            </message>
            <full-stacktrace>
              <![CDATA[java.lang.AssertionError: null
at org.testng.Assert.fail(Assert.java:97)
at org.testng.Assert.fail(Assert.java:102)
at com.cdk.qa.framework.validators.ApiValidationBaseClass.getSourceResponse(ApiValidationBaseClass.java:143)
at com.cdk.qa.framework.validators.ApiValidationTests.attributesCountComparison(ApiValidationTests.java:85)
at sun.reflect.NativeMethodAccessorImpl.invoke0(Native Method)
at sun.reflect.NativeMethodAccessorImpl.invoke(NativeMethodAccessorImpl.java:62)
at sun.reflect.DelegatingMethodAccessorImpl.invoke(DelegatingMethodAccessorImpl.java:43)
at java.lang.reflect.Method.invoke(Method.java:498)
at org.testng.internal.MethodInvocationHelper.invokeMethod(MethodInvocationHelper.java:133)
at org.testng.internal.TestInvoker.invokeMethod(TestInvoker.java:584)
at org.testng.internal.TestInvoker.retryFailed(TestInvoker.java:204)
at org.testng.internal.MethodRunner.runInSequence(MethodRunner.java:58)
at org.testng.internal.TestInvoker$MethodInvocationAgent.invoke(TestInvoker.java:804)
at org.testng.internal.TestInvoker.invokeTestMethods(TestInvoker.java:145)
at org.testng.internal.TestMethodWorker.invokeTestMethods(TestMethodWorker.java:146)
at org.testng.internal.TestMethodWorker.run(TestMethodWorker.java:128)
at java.util.ArrayList.forEach(ArrayList.java:1249)
at org.testng.TestRunner.privateRun(TestRunner.java:770)
at org.testng.TestRunner.run(TestRunner.java:591)
at org.testng.SuiteRunner.runTest(SuiteRunner.java:402)
at org.testng.SuiteRunner.runSequentially(SuiteRunner.java:396)
at org.testng.SuiteRunner.privateRun(SuiteRunner.java:355)
at org.testng.SuiteRunner.run(SuiteRunner.java:304)
at org.testng.SuiteRunnerWorker.runSuite(SuiteRunnerWorker.java:53)
at org.testng.SuiteRunnerWorker.run(SuiteRunnerWorker.java:96)
at org.testng.TestNG.runSuitesSequentially(TestNG.java:1180)
at org.testng.TestNG.runSuitesLocally(TestNG.java:1102)
at org.testng.TestNG.runSuites(TestNG.java:1032)
at org.testng.TestNG.run(TestNG.java:1000)
at org.apache.maven.surefire.testng.TestNGExecutor.run(TestNGExecutor.java:283)
at org.apache.maven.surefire.testng.TestNGXmlTestSuite.execute(TestNGXmlTestSuite.java:75)
at org.apache.maven.surefire.testng.TestNGProvider.invoke(TestNGProvider.java:120)
at org.apache.maven.surefire.booter.ForkedBooter.runSuitesInProcess(ForkedBooter.java:377)
at org.apache.maven.surefire.booter.ForkedBooter.execute(ForkedBooter.java:138)
at org.apache.maven.surefire.booter.ForkedBooter.run(ForkedBooter.java:465)
at org.apache.maven.surefire.booter.ForkedBooter.main(ForkedBooter.java:451)
]]>
            </full-stacktrace>
          </exception> <!-- java.lang.AssertionError -->
          <reporter-output>
          </reporter-output>
        </test-method> <!-- attributesCountComparison -->
        <test-method status="PASS" signature="setup()[pri:0, instance:com.cdk.qa.framework.validators.ApiValidationTests@5bfbf16f]" name="setup" is-config="true" duration-ms="931" started-at="2020-02-18T12:59:50 PKT" finished-at="2020-02-18T12:59:51 PKT">
          <reporter-output>
          </reporter-output>
        </test-method> <!-- setup -->
        <test-method status="SKIP" signature="responseBodyComparison(java.lang.String, java.lang.String, java.lang.String)[pri:3, instance:com.cdk.qa.framework.validators.ApiValidationTests@5bfbf16f]" name="responseBodyComparison" duration-ms="15" retried="true" started-at="2020-02-18T12:59:51 PKT" data-provider="data-provider" finished-at="2020-02-18T12:59:51 PKT">
          <params>
            <param index="0">
              <value>
                <![CDATA[customer-api]]>
              </value>
            </param>
            <param index="1">
              <value>
                <![CDATA[http://api-int.dit.connectcdk.com/api/ds-flex-customer/v1/customers/5155]]>
              </value>
            </param>
            <param index="2">
              <value>
                <![CDATA[http://api-int.dit.connectcdk.com/api/ds-flex-customer-cloud-qa/v1/customers/5155]]>
              </value>
            </param>
          </params>
          <exception class="java.lang.AssertionError">
            <message>
              <![CDATA[null]]>
            </message>
            <full-stacktrace>
              <![CDATA[java.lang.AssertionError: null
at org.testng.Assert.fail(Assert.java:97)
at org.testng.Assert.fail(Assert.java:102)
at com.cdk.qa.framework.validators.ApiValidationBaseClass.getSourceResponse(ApiValidationBaseClass.java:143)
at com.cdk.qa.framework.validators.ApiValidationTests.responseBodyComparison(ApiValidationTests.java:122)
at sun.reflect.NativeMethodAccessorImpl.invoke0(Native Method)
at sun.reflect.NativeMethodAccessorImpl.invoke(NativeMethodAccessorImpl.java:62)
at sun.reflect.DelegatingMethodAccessorImpl.invoke(DelegatingMethodAccessorImpl.java:43)
at java.lang.reflect.Method.invoke(Method.java:498)
at org.testng.internal.MethodInvocationHelper.invokeMethod(MethodInvocationHelper.java:133)
at org.testng.internal.TestInvoker.invokeMethod(TestInvoker.java:584)
at org.testng.internal.TestInvoker.invokeTestMethod(TestInvoker.java:172)
at org.testng.internal.MethodRunner.runInSequence(MethodRunner.java:46)
at org.testng.internal.TestInvoker$MethodInvocationAgent.invoke(TestInvoker.java:804)
at org.testng.internal.TestInvoker.invokeTestMethods(TestInvoker.java:145)
at org.testng.internal.TestMethodWorker.invokeTestMethods(TestMethodWorker.java:146)
at org.testng.internal.TestMethodWorker.run(TestMethodWorker.java:128)
at java.util.ArrayList.forEach(ArrayList.java:1249)
at org.testng.TestRunner.privateRun(TestRunner.java:770)
at org.testng.TestRunner.run(TestRunner.java:591)
at org.testng.SuiteRunner.runTest(SuiteRunner.java:402)
at org.testng.SuiteRunner.runSequentially(SuiteRunner.java:396)
at org.testng.SuiteRunner.privateRun(SuiteRunner.java:355)
at org.testng.SuiteRunner.run(SuiteRunner.java:304)
at org.testng.SuiteRunnerWorker.runSuite(SuiteRunnerWorker.java:53)
at org.testng.SuiteRunnerWorker.run(SuiteRunnerWorker.java:96)
at org.testng.TestNG.runSuitesSequentially(TestNG.java:1180)
at org.testng.TestNG.runSuitesLocally(TestNG.java:1102)
at org.testng.TestNG.runSuites(TestNG.java:1032)
at org.testng.TestNG.run(TestNG.java:1000)
at org.apache.maven.surefire.testng.TestNGExecutor.run(TestNGExecutor.java:283)
at org.apache.maven.surefire.testng.TestNGXmlTestSuite.execute(TestNGXmlTestSuite.java:75)
at org.apache.maven.surefire.testng.TestNGProvider.invoke(TestNGProvider.java:120)
at org.apache.maven.surefire.booter.ForkedBooter.runSuitesInProcess(ForkedBooter.java:377)
at org.apache.maven.surefire.booter.ForkedBooter.execute(ForkedBooter.java:138)
at org.apache.maven.surefire.booter.ForkedBooter.run(ForkedBooter.java:465)
at org.apache.maven.surefire.booter.ForkedBooter.main(ForkedBooter.java:451)
]]>
            </full-stacktrace>
          </exception> <!-- java.lang.AssertionError -->
          <reporter-output>
          </reporter-output>
        </test-method> <!-- responseBodyComparison -->
        <test-method status="PASS" signature="setup()[pri:0, instance:com.cdk.qa.framework.validators.ApiValidationTests@5bfbf16f]" name="setup" is-config="true" duration-ms="936" started-at="2020-02-18T12:59:54 PKT" finished-at="2020-02-18T12:59:54 PKT">
          <reporter-output>
          </reporter-output>
        </test-method> <!-- setup -->
        <test-method status="FAIL" signature="responseBodyComparison(java.lang.String, java.lang.String, java.lang.String)[pri:3, instance:com.cdk.qa.framework.validators.ApiValidationTests@5bfbf16f]" name="responseBodyComparison" duration-ms="14" started-at="2020-02-18T12:59:54 PKT" data-provider="data-provider" finished-at="2020-02-18T12:59:54 PKT">
          <params>
            <param index="0">
              <value>
                <![CDATA[customer-api]]>
              </value>
            </param>
            <param index="1">
              <value>
                <![CDATA[http://api-int.dit.connectcdk.com/api/ds-flex-customer/v1/customers/5155]]>
              </value>
            </param>
            <param index="2">
              <value>
                <![CDATA[http://api-int.dit.connectcdk.com/api/ds-flex-customer-cloud-qa/v1/customers/5155]]>
              </value>
            </param>
          </params>
          <exception class="java.lang.AssertionError">
            <message>
              <![CDATA[null]]>
            </message>
            <full-stacktrace>
              <![CDATA[java.lang.AssertionError: null
at org.testng.Assert.fail(Assert.java:97)
at org.testng.Assert.fail(Assert.java:102)
at com.cdk.qa.framework.validators.ApiValidationBaseClass.getSourceResponse(ApiValidationBaseClass.java:143)
at com.cdk.qa.framework.validators.ApiValidationTests.responseBodyComparison(ApiValidationTests.java:122)
at sun.reflect.NativeMethodAccessorImpl.invoke0(Native Method)
at sun.reflect.NativeMethodAccessorImpl.invoke(NativeMethodAccessorImpl.java:62)
at sun.reflect.DelegatingMethodAccessorImpl.invoke(DelegatingMethodAccessorImpl.java:43)
at java.lang.reflect.Method.invoke(Method.java:498)
at org.testng.internal.MethodInvocationHelper.invokeMethod(MethodInvocationHelper.java:133)
at org.testng.internal.TestInvoker.invokeMethod(TestInvoker.java:584)
at org.testng.internal.TestInvoker.retryFailed(TestInvoker.java:204)
at org.testng.internal.MethodRunner.runInSequence(MethodRunner.java:58)
at org.testng.internal.TestInvoker$MethodInvocationAgent.invoke(TestInvoker.java:804)
at org.testng.internal.TestInvoker.invokeTestMethods(TestInvoker.java:145)
at org.testng.internal.TestMethodWorker.invokeTestMethods(TestMethodWorker.java:146)
at org.testng.internal.TestMethodWorker.run(TestMethodWorker.java:128)
at java.util.ArrayList.forEach(ArrayList.java:1249)
at org.testng.TestRunner.privateRun(TestRunner.java:770)
at org.testng.TestRunner.run(TestRunner.java:591)
at org.testng.SuiteRunner.runTest(SuiteRunner.java:402)
at org.testng.SuiteRunner.runSequentially(SuiteRunner.java:396)
at org.testng.SuiteRunner.privateRun(SuiteRunner.java:355)
at org.testng.SuiteRunner.run(SuiteRunner.java:304)
at org.testng.SuiteRunnerWorker.runSuite(SuiteRunnerWorker.java:53)
at org.testng.SuiteRunnerWorker.run(SuiteRunnerWorker.java:96)
at org.testng.TestNG.runSuitesSequentially(TestNG.java:1180)
at org.testng.TestNG.runSuitesLocally(TestNG.java:1102)
at org.testng.TestNG.runSuites(TestNG.java:1032)
at org.testng.TestNG.run(TestNG.java:1000)
at org.apache.maven.surefire.testng.TestNGExecutor.run(TestNGExecutor.java:283)
at org.apache.maven.surefire.testng.TestNGXmlTestSuite.execute(TestNGXmlTestSuite.java:75)
at org.apache.maven.surefire.testng.TestNGProvider.invoke(TestNGProvider.java:120)
at org.apache.maven.surefire.booter.ForkedBooter.runSuitesInProcess(ForkedBooter.java:377)
at org.apache.maven.surefire.booter.ForkedBooter.execute(ForkedBooter.java:138)
at org.apache.maven.surefire.booter.ForkedBooter.run(ForkedBooter.java:465)
at org.apache.maven.surefire.booter.ForkedBooter.main(ForkedBooter.java:451)
]]>
            </full-stacktrace>
          </exception> <!-- java.lang.AssertionError -->
          <reporter-output>
          </reporter-output>
        </test-method> <!-- responseBodyComparison -->
        <test-method status="PASS" signature="endTestSuite()[pri:0, instance:com.cdk.qa.framework.validators.ApiValidationTests@5bfbf16f]" name="endTestSuite" is-config="true" duration-ms="9406" started-at="2020-02-18T12:59:55 PKT" finished-at="2020-02-18T13:00:04 PKT">
          <reporter-output>
          </reporter-output>
        </test-method> <!-- endTestSuite -->
      </class> <!-- com.cdk.qa.framework.validators.ApiValidationTests -->
    </test> <!-- API Tests -->
  </suite> <!-- API Testing Suite -->
</testng-results>
