<?xml version="1.0" encoding="UTF-8"?>
<!-- Generated by org.testng.reporters.JUnitXMLReporter -->
<<<<<<< HEAD
<testsuite hostname="imac067" ignored="0" name="API Tests" tests="1" failures="0" timestamp="2020-02-10T19:20:07 PKT" time="3.829" errors="0">
  <testcase name="postMigrationCodeComparison" time="3.093" classname="com.cdk.qa.framework.validators.PostMigrationTests"/>
=======
<testsuite hostname="laptop-105" ignored="0" name="API Tests" tests="6" failures="3" timestamp="2020-02-18T13:02:00 PKT" time="37.225" errors="0">
  <testcase name="statusCodeComparison" time="0.886" classname="com.cdk.qa.framework.validators.ApiValidationTests">
    <skipped/>
  </testcase> <!-- statusCodeComparison -->
  <testcase name="statusCodeComparison" time="0.042" classname="com.cdk.qa.framework.validators.ApiValidationTests">
    <failure type="java.lang.AssertionError" message="null">
      <![CDATA[java.lang.AssertionError: null
at com.cdk.qa.framework.validators.ApiValidationBaseClass.getSourceResponse(ApiValidationBaseClass.java:144)
at com.cdk.qa.framework.validators.ApiValidationTests.statusCodeComparison(ApiValidationTests.java:58)
at java.util.ArrayList.forEach(ArrayList.java:1249)
... Removed 33 stack frames]]>
    </failure>
  </testcase> <!-- statusCodeComparison -->
  <testcase name="attributesCountComparison" time="0.019" classname="com.cdk.qa.framework.validators.ApiValidationTests">
    <skipped/>
  </testcase> <!-- attributesCountComparison -->
  <testcase name="attributesCountComparison" time="0.013" classname="com.cdk.qa.framework.validators.ApiValidationTests">
    <failure type="java.lang.AssertionError" message="null">
      <![CDATA[java.lang.AssertionError: null
at com.cdk.qa.framework.validators.ApiValidationBaseClass.getSourceResponse(ApiValidationBaseClass.java:144)
at com.cdk.qa.framework.validators.ApiValidationTests.attributesCountComparison(ApiValidationTests.java:85)
at java.util.ArrayList.forEach(ArrayList.java:1249)
... Removed 33 stack frames]]>
    </failure>
  </testcase> <!-- attributesCountComparison -->
  <testcase name="responseBodyComparison" time="0.02" classname="com.cdk.qa.framework.validators.ApiValidationTests">
    <skipped/>
  </testcase> <!-- responseBodyComparison -->
  <testcase name="responseBodyComparison" time="0.023" classname="com.cdk.qa.framework.validators.ApiValidationTests">
    <failure type="java.lang.AssertionError" message="null">
      <![CDATA[java.lang.AssertionError: null
at com.cdk.qa.framework.validators.ApiValidationBaseClass.getSourceResponse(ApiValidationBaseClass.java:144)
at com.cdk.qa.framework.validators.ApiValidationTests.responseBodyComparison(ApiValidationTests.java:122)
at java.util.ArrayList.forEach(ArrayList.java:1249)
... Removed 33 stack frames]]>
    </failure>
  </testcase> <!-- responseBodyComparison -->
>>>>>>> dev
</testsuite> <!-- API Tests -->
